<?xml version="1.0" encoding="UTF-8"?>
<testng-results ignored="0" total="1" passed="1" failed="0" skipped="0">
  <reporter-output>
  </reporter-output>
  <suite started-at="2023-08-07T11:23:50 IST" name="Default suite" finished-at="2023-08-07T11:24:02 IST" duration-ms="12342">
    <groups>
    </groups>
    <test started-at="2023-08-07T11:23:50 IST" name="Default test" finished-at="2023-08-07T11:24:02 IST" duration-ms="12342">
      <class name="Framework_Training.Books_Demo">
        <test-method is-config="true" signature="setupBrowser(java.lang.String)[pri:0, instance:Framework_Training.Books_Demo@75e91545]" started-at="2023-08-07T11:23:50 IST" name="setupBrowser" finished-at="2023-08-07T11:23:57 IST" duration-ms="7213" status="PASS">
          <params>
            <param index="0">
              <value>
                <![CDATA[firefox]]>
              </value>
            </param>
          </params>
          <reporter-output>
          </reporter-output>
        </test-method> <!-- setupBrowser -->
        <test-method signature="books()[pri:0, instance:Framework_Training.Books_Demo@75e91545]" started-at="2023-08-07T11:23:57 IST" name="books" finished-at="2023-08-07T11:24:01 IST" duration-ms="3943" status="PASS">
          <reporter-output>
          </reporter-output>
        </test-method> <!-- books -->
        <test-method is-config="true" signature="tearDown()[pri:0, instance:Framework_Training.Books_Demo@75e91545]" started-at="2023-08-07T11:24:01 IST" name="tearDown" finished-at="2023-08-07T11:24:02 IST" duration-ms="1147" status="PASS">
          <reporter-output>
          </reporter-output>
        </test-method> <!-- tearDown -->
      </class> <!-- Framework_Training.Books_Demo -->
    </test> <!-- Default test -->
  </suite> <!-- Default suite -->
</testng-results>
