<?xml version="1.0" encoding="UTF-8"?>
<!-- Generated by org.testng.reporters.JUnitXMLReporter -->
<testsuite ignored="0" hostname="LAPTOP-OMNP3H05" failures="1" tests="3" name="Test" time="0.052" errors="0" timestamp="2023-06-30T10:13:09 IST">
  <testcase classname="Listeners.Listener_Runner" name="test" time="0.007"/>
  <testcase classname="Listeners.Listener_Runner" name="test1" time="0.004">
    <failure type="java.lang.AssertionError" message="null">
      <![CDATA[java.lang.AssertionError: null
at Listeners.Listener_Runner.test1(Listener_Runner.java:17)
at java.base/java.util.ArrayList.forEach(ArrayList.java:1511)
... Removed 29 stack frames]]>
    </failure>
  </testcase> <!-- test1 -->
  <testcase classname="Listeners.Listener_Runner" name="test2" time="0.0">
    <skipped/>
  </testcase> <!-- test2 -->
</testsuite> <!-- Test -->
