<?xml version="1.0" encoding="UTF-8"?>
<!-- Generated by org.testng.reporters.JUnitXMLReporter -->
<testsuite ignored="1" hostname="LAPTOP-OMNP3H05" failures="0" tests="3" name="Test" time="0.056" errors="0" timestamp="2023-08-04T10:03:11 IST">
  <testcase classname="TestNG_Basics.GroupExecution1" name="AddToWishlistTest" time="0.008"/>
  <testcase classname="TestNG_Basics.GroupExecution1" name="LoginTest" time="0.001"/>
  <testcase classname="TestNG_Basics.GroupExecution1" name="RegisterTest" time="0.001"/>
  <testcase classname="TestNG_Basics.GroupExecution1" name="AddToCartTest" time="0.0">
    <ignored/>
  </testcase> <!-- AddToCartTest -->
</testsuite> <!-- Test -->
